<?xml version="1.0" encoding="UTF-8"?>
<testng-results ignored="0" total="1" passed="1" failed="0" skipped="0">
  <reporter-output>
  </reporter-output>
  <suite started-at="2024-05-29T18:40:56 IST" name="Default suite" finished-at="2024-05-29T18:40:57 IST" duration-ms="829">
    <groups>
    </groups>
    <test started-at="2024-05-29T18:40:56 IST" name="Default test" finished-at="2024-05-29T18:40:57 IST" duration-ms="829">
      <class name="pac4.PostRequest111Test">
        <test-method signature="postreq11111Test()[pri:0, instance:pac4.PostRequest111Test@36328d33]" started-at="2024-05-29T18:40:57 IST" name="postreq11111Test" finished-at="2024-05-29T18:40:57 IST" duration-ms="615" status="PASS">
          <reporter-output>
          </reporter-output>
        </test-method> <!-- postreq11111Test -->
      </class> <!-- pac4.PostRequest111Test -->
    </test> <!-- Default test -->
  </suite> <!-- Default suite -->
</testng-results>
